20171117 23:56:18.907  [restartedMain] INFO  cn.tech.yozo.factoryrp.WebApplication.logStarting():48 - Starting WebApplication on DESKTOP-JJVA60K with PID 24652 (D:\GitCode\FactoryRP\FactoryRP\target\classes started by Singer in D:\GitCode\FactoryRP\FactoryRP)
20171117 23:56:18.909  [restartedMain] DEBUG cn.tech.yozo.factoryrp.WebApplication.logStarting():51 - Running with Spring Boot v1.4.7.RELEASE, Spring v4.3.9.RELEASE
20171117 23:56:18.910  [restartedMain] INFO  cn.tech.yozo.factoryrp.WebApplication.logStartupProfileInfo():662 - No active profile set, falling back to default profiles: default
20171117 23:56:19.075  [restartedMain] INFO  org.springframework.boot.context.embedded.AnnotationConfigEmbeddedWebApplicationContext.prepareRefresh():583 - Refreshing org.springframework.boot.context.embedded.AnnotationConfigEmbeddedWebApplicationContext@62616f3: startup date [Fri Nov 17 23:56:19 CST 2017]; root of context hierarchy
20171117 23:56:19.247  [background-preinit] INFO  org.hibernate.validator.internal.util.Version.<clinit>():30 - HV000001: Hibernate Validator 5.2.5.Final
20171117 23:56:21.107  [restartedMain] INFO  org.springframework.beans.factory.support.DefaultListableBeanFactory.registerBeanDefinition():828 - Overriding bean definition for bean 'managementServletContext' with a different definition: replacing [Root bean: class [null]; scope=; abstract=false; lazyInit=false; autowireMode=3; dependencyCheck=0; autowireCandidate=true; primary=false; factoryBeanName=org.springframework.boot.actuate.autoconfigure.EndpointWebMvcHypermediaManagementContextConfiguration; factoryMethodName=managementServletContext; initMethodName=null; destroyMethodName=(inferred); defined in class path resource [org/springframework/boot/actuate/autoconfigure/EndpointWebMvcHypermediaManagementContextConfiguration.class]] with [Root bean: class [null]; scope=; abstract=false; lazyInit=false; autowireMode=3; dependencyCheck=0; autowireCandidate=true; primary=false; factoryBeanName=org.springframework.boot.actuate.autoconfigure.EndpointWebMvcAutoConfiguration; factoryMethodName=managementServletContext; initMethodName=null; destroyMethodName=(inferred); defined in class path resource [org/springframework/boot/actuate/autoconfigure/EndpointWebMvcAutoConfiguration.class]]
20171117 23:56:21.172  [restartedMain] INFO  org.springframework.data.repository.config.RepositoryConfigurationDelegate.multipleStoresDetected():170 - Multiple Spring Data modules found, entering strict repository configuration mode!
20171117 23:56:21.307  [restartedMain] INFO  org.springframework.data.repository.config.RepositoryConfigurationDelegate.multipleStoresDetected():170 - Multiple Spring Data modules found, entering strict repository configuration mode!
20171117 23:56:21.362  [restartedMain] INFO  org.springframework.data.repository.config.RepositoryConfigurationExtensionSupport.isStrictRepositoryCandidate():283 - Spring Data Redis - Could not safely identify store assignment for repository candidate interface cn.tech.yozo.factoryrp.repository.UserRoleRepository.
20171117 23:56:21.363  [restartedMain] INFO  org.springframework.data.repository.config.RepositoryConfigurationExtensionSupport.isStrictRepositoryCandidate():283 - Spring Data Redis - Could not safely identify store assignment for repository candidate interface cn.tech.yozo.factoryrp.repository.MenuRepository.
20171117 23:56:21.364  [restartedMain] INFO  org.springframework.data.repository.config.RepositoryConfigurationExtensionSupport.isStrictRepositoryCandidate():283 - Spring Data Redis - Could not safely identify store assignment for repository candidate interface cn.tech.yozo.factoryrp.repository.CorporateRepository.
20171117 23:56:21.365  [restartedMain] INFO  org.springframework.data.repository.config.RepositoryConfigurationExtensionSupport.isStrictRepositoryCandidate():283 - Spring Data Redis - Could not safely identify store assignment for repository candidate interface cn.tech.yozo.factoryrp.repository.PermissionRoleRepository.
20171117 23:56:21.366  [restartedMain] INFO  org.springframework.data.repository.config.RepositoryConfigurationExtensionSupport.isStrictRepositoryCandidate():283 - Spring Data Redis - Could not safely identify store assignment for repository candidate interface cn.tech.yozo.factoryrp.repository.DepartmentRepository.
20171117 23:56:21.366  [restartedMain] INFO  org.springframework.data.repository.config.RepositoryConfigurationExtensionSupport.isStrictRepositoryCandidate():283 - Spring Data Redis - Could not safely identify store assignment for repository candidate interface cn.tech.yozo.factoryrp.repository.UserRepository.
20171117 23:56:21.367  [restartedMain] INFO  org.springframework.data.repository.config.RepositoryConfigurationExtensionSupport.isStrictRepositoryCandidate():283 - Spring Data Redis - Could not safely identify store assignment for repository candidate interface cn.tech.yozo.factoryrp.repository.RoleRepository.
20171117 23:56:21.368  [restartedMain] INFO  org.springframework.data.repository.config.RepositoryConfigurationExtensionSupport.isStrictRepositoryCandidate():283 - Spring Data Redis - Could not safely identify store assignment for repository candidate interface cn.tech.yozo.factoryrp.repository.PermissionRepository.
20171117 23:56:21.507  [restartedMain] INFO  com.alibaba.dubbo.common.logger.LoggerFactory.info():58 - using logger: com.alibaba.dubbo.common.logger.log4j.Log4jLoggerAdapter
20171117 23:56:21.700  [restartedMain] INFO  org.springframework.beans.factory.annotation.AutowiredAnnotationBeanPostProcessor.<init>():155 - JSR-330 'javax.inject.Inject' annotation found and supported for autowiring
20171117 23:56:21.865  [restartedMain] INFO  org.springframework.context.support.PostProcessorRegistrationDelegate$BeanPostProcessorChecker.postProcessAfterInitialization():325 - Bean 'org.springframework.transaction.annotation.ProxyTransactionManagementConfiguration' of type [org.springframework.transaction.annotation.ProxyTransactionManagementConfiguration$$EnhancerBySpringCGLIB$$c9c5c7cf] is not eligible for getting processed by all BeanPostProcessors (for example: not eligible for auto-proxying)
20171117 23:56:22.008  [restartedMain] INFO  org.springframework.context.support.PostProcessorRegistrationDelegate$BeanPostProcessorChecker.postProcessAfterInitialization():325 - Bean 'org.springframework.cache.annotation.ProxyCachingConfiguration' of type [org.springframework.cache.annotation.ProxyCachingConfiguration$$EnhancerBySpringCGLIB$$12d7fded] is not eligible for getting processed by all BeanPostProcessors (for example: not eligible for auto-proxying)
20171117 23:56:22.056  [restartedMain] INFO  org.springframework.context.support.PostProcessorRegistrationDelegate$BeanPostProcessorChecker.postProcessAfterInitialization():325 - Bean 'org.springframework.boot.autoconfigure.cache.CacheAutoConfiguration' of type [org.springframework.boot.autoconfigure.cache.CacheAutoConfiguration$$EnhancerBySpringCGLIB$$74bc291] is not eligible for getting processed by all BeanPostProcessors (for example: not eligible for auto-proxying)
20171117 23:56:22.160  [restartedMain] INFO  org.springframework.context.support.PostProcessorRegistrationDelegate$BeanPostProcessorChecker.postProcessAfterInitialization():325 - Bean 'spring.cache-org.springframework.boot.autoconfigure.cache.CacheProperties' of type [org.springframework.boot.autoconfigure.cache.CacheProperties] is not eligible for getting processed by all BeanPostProcessors (for example: not eligible for auto-proxying)
20171117 23:56:22.176  [restartedMain] INFO  org.springframework.context.support.PostProcessorRegistrationDelegate$BeanPostProcessorChecker.postProcessAfterInitialization():325 - Bean 'org.springframework.boot.autoconfigure.cache.CacheManagerCustomizers' of type [org.springframework.boot.autoconfigure.cache.CacheManagerCustomizers] is not eligible for getting processed by all BeanPostProcessors (for example: not eligible for auto-proxying)
20171117 23:56:22.184  [restartedMain] INFO  org.springframework.context.support.PostProcessorRegistrationDelegate$BeanPostProcessorChecker.postProcessAfterInitialization():325 - Bean 'org.springframework.boot.autoconfigure.cache.RedisCacheConfiguration' of type [org.springframework.boot.autoconfigure.cache.RedisCacheConfiguration$$EnhancerBySpringCGLIB$$b7dd5eeb] is not eligible for getting processed by all BeanPostProcessors (for example: not eligible for auto-proxying)
20171117 23:56:22.194  [restartedMain] INFO  org.springframework.context.support.PostProcessorRegistrationDelegate$BeanPostProcessorChecker.postProcessAfterInitialization():325 - Bean 'org.springframework.boot.autoconfigure.data.redis.RedisAutoConfiguration$RedisConfiguration' of type [org.springframework.boot.autoconfigure.data.redis.RedisAutoConfiguration$RedisConfiguration$$EnhancerBySpringCGLIB$$f684d5c] is not eligible for getting processed by all BeanPostProcessors (for example: not eligible for auto-proxying)
20171117 23:56:22.210  [restartedMain] INFO  org.springframework.context.support.PostProcessorRegistrationDelegate$BeanPostProcessorChecker.postProcessAfterInitialization():325 - Bean 'spring.redis-org.springframework.boot.autoconfigure.data.redis.RedisProperties' of type [org.springframework.boot.autoconfigure.data.redis.RedisProperties] is not eligible for getting processed by all BeanPostProcessors (for example: not eligible for auto-proxying)
20171117 23:56:22.223  [restartedMain] INFO  org.springframework.context.support.PostProcessorRegistrationDelegate$BeanPostProcessorChecker.postProcessAfterInitialization():325 - Bean 'org.springframework.boot.autoconfigure.data.redis.RedisAutoConfiguration$RedisConnectionConfiguration' of type [org.springframework.boot.autoconfigure.data.redis.RedisAutoConfiguration$RedisConnectionConfiguration$$EnhancerBySpringCGLIB$$5dbfeede] is not eligible for getting processed by all BeanPostProcessors (for example: not eligible for auto-proxying)
20171117 23:56:22.260  [restartedMain] INFO  org.springframework.context.support.PostProcessorRegistrationDelegate$BeanPostProcessorChecker.postProcessAfterInitialization():325 - Bean 'redisConnectionFactory' of type [org.springframework.data.redis.connection.jedis.JedisConnectionFactory] is not eligible for getting processed by all BeanPostProcessors (for example: not eligible for auto-proxying)
20171117 23:56:22.310  [restartedMain] INFO  org.springframework.context.support.PostProcessorRegistrationDelegate$BeanPostProcessorChecker.postProcessAfterInitialization():325 - Bean 'redisTemplate' of type [org.springframework.data.redis.core.RedisTemplate] is not eligible for getting processed by all BeanPostProcessors (for example: not eligible for auto-proxying)
20171117 23:56:22.431  [restartedMain] INFO  org.springframework.context.support.PostProcessorRegistrationDelegate$BeanPostProcessorChecker.postProcessAfterInitialization():325 - Bean 'cacheManager' of type [org.springframework.data.redis.cache.RedisCacheManager] is not eligible for getting processed by all BeanPostProcessors (for example: not eligible for auto-proxying)
20171117 23:56:22.447  [restartedMain] INFO  org.springframework.context.support.PostProcessorRegistrationDelegate$BeanPostProcessorChecker.postProcessAfterInitialization():325 - Bean 'cacheAutoConfigurationValidator' of type [org.springframework.boot.autoconfigure.cache.CacheAutoConfiguration$CacheManagerValidator] is not eligible for getting processed by all BeanPostProcessors (for example: not eligible for auto-proxying)
20171117 23:56:22.975  [restartedMain] INFO  org.springframework.boot.context.embedded.tomcat.TomcatEmbeddedServletContainer.initialize():89 - Tomcat initialized with port(s): 9550 (http)
20171117 23:56:22.983  [restartedMain] INFO  org.apache.catalina.core.StandardService.log():179 - Starting service [Tomcat]
20171117 23:56:22.984  [restartedMain] INFO  org.apache.catalina.core.StandardEngine.log():179 - Starting Servlet Engine: Apache Tomcat/8.5.15
20171117 23:56:23.106  [localhost-startStop-1] INFO  org.apache.catalina.core.ContainerBase.[Tomcat].[localhost].[/].log():179 - Initializing Spring embedded WebApplicationContext
20171117 23:56:23.106  [localhost-startStop-1] INFO  org.springframework.web.context.ContextLoader.prepareEmbeddedWebApplicationContext():276 - Root WebApplicationContext: initialization completed in 4031 ms
20171117 23:56:23.174  [localhost-startStop-1] INFO  cn.tech.yozo.factoryrp.config.DruidConfiguration.info():58 -  [DUBBO] init Druid Servlet Configuration , dubbo version: 2.5.3, current host: 127.0.0.1
20171117 23:56:23.626  [localhost-startStop-1] INFO  org.springframework.boot.web.servlet.FilterRegistrationBean.configure():258 - Mapping filter: 'metricsFilter' to: [/*]
20171117 23:56:23.627  [localhost-startStop-1] INFO  org.springframework.boot.web.servlet.FilterRegistrationBean.configure():258 - Mapping filter: 'characterEncodingFilter' to: [/*]
20171117 23:56:23.627  [localhost-startStop-1] INFO  org.springframework.boot.web.servlet.FilterRegistrationBean.configure():258 - Mapping filter: 'hiddenHttpMethodFilter' to: [/*]
20171117 23:56:23.627  [localhost-startStop-1] INFO  org.springframework.boot.web.servlet.FilterRegistrationBean.configure():258 - Mapping filter: 'httpPutFormContentFilter' to: [/*]
20171117 23:56:23.627  [localhost-startStop-1] INFO  org.springframework.boot.web.servlet.FilterRegistrationBean.configure():258 - Mapping filter: 'requestContextFilter' to: [/*]
20171117 23:56:23.627  [localhost-startStop-1] INFO  org.springframework.boot.web.servlet.FilterRegistrationBean.configure():258 - Mapping filter: 'webRequestLoggingFilter' to: [/*]
20171117 23:56:23.627  [localhost-startStop-1] INFO  org.springframework.boot.web.servlet.FilterRegistrationBean.configure():271 - Mapping filter: 'webStatFilter' to urls: [/*]
20171117 23:56:23.628  [localhost-startStop-1] INFO  org.springframework.boot.web.servlet.FilterRegistrationBean.configure():258 - Mapping filter: 'applicationContextIdFilter' to: [/*]
20171117 23:56:23.628  [localhost-startStop-1] INFO  org.springframework.boot.web.servlet.ServletRegistrationBean.onStartup():190 - Mapping servlet: 'statViewServlet' to [/druid/*]
20171117 23:56:23.629  [localhost-startStop-1] INFO  org.springframework.boot.web.servlet.ServletRegistrationBean.onStartup():190 - Mapping servlet: 'dispatcherServlet' to [/]
20171117 23:56:23.671  [restartedMain] INFO  cn.tech.yozo.factoryrp.config.DruidConfiguration.info():58 -  [DUBBO] >>>>>>>>>>>>>开始配置druid连接池<<<<<<<<<<<<<<<<<<, dubbo version: 2.5.3, current host: 127.0.0.1
20171117 23:56:25.908  [restartedMain] INFO  com.alibaba.druid.pool.DruidDataSource.init():889 - {dataSource-1} inited
20171117 23:56:25.952  [restartedMain] INFO  org.springframework.orm.jpa.LocalContainerEntityManagerFactoryBean.createNativeEntityManagerFactory():349 - Building JPA container EntityManagerFactory for persistence unit 'default'
20171117 23:56:25.963  [restartedMain] INFO  org.hibernate.jpa.internal.util.LogHelper.logPersistenceUnitInformation():31 - HHH000204: Processing PersistenceUnitInfo [
	name: default
	...]
20171117 23:56:26.026  [restartedMain] INFO  org.hibernate.Version.logVersion():37 - HHH000412: Hibernate Core {5.0.12.Final}
20171117 23:56:26.027  [restartedMain] INFO  org.hibernate.cfg.Environment.<clinit>():213 - HHH000206: hibernate.properties not found
20171117 23:56:26.028  [restartedMain] INFO  org.hibernate.cfg.Environment.buildBytecodeProvider():317 - HHH000021: Bytecode provider name : javassist
20171117 23:56:26.076  [restartedMain] INFO  org.hibernate.annotations.common.Version.<clinit>():66 - HCANN000001: Hibernate Commons Annotations {5.0.1.Final}
20171117 23:56:26.183  [restartedMain] INFO  org.hibernate.dialect.Dialect.<init>():156 - HHH000400: Using dialect: org.hibernate.dialect.MySQL5Dialect
20171117 23:56:26.212  [restartedMain] INFO  org.hibernate.engine.jdbc.env.internal.LobCreatorBuilderImpl.useContextualLobCreation():98 - HHH000423: Disabling contextual LOB creation as JDBC driver reported JDBC version [3] less than 4
20171117 23:56:26.440  [restartedMain] WARN  net.sf.ehcache.config.ConfigurationFactory.parseConfiguration():136 - No configuration found. Configuring ehcache from ehcache-failsafe.xml  found in the classpath: jar:file:/D:/MavenRepository/net/sf/ehcache/ehcache/2.10.4/ehcache-2.10.4.jar!/ehcache-failsafe.xml
20171117 23:56:26.513  [restartedMain] INFO  org.hibernate.cache.spi.UpdateTimestampsCache.<init>():55 - HHH000250: Starting update timestamps cache at region: org.hibernate.cache.spi.UpdateTimestampsCache
20171117 23:56:26.516  [restartedMain] WARN  org.hibernate.cache.ehcache.AbstractEhcacheRegionFactory.getCache():161 - HHH020003: Could not find a specific ehcache configuration for cache named [org.hibernate.cache.spi.UpdateTimestampsCache]; using defaults.
20171117 23:56:26.590  [restartedMain] INFO  org.hibernate.cache.internal.StandardQueryCache.<init>():74 - HHH000248: Starting query cache at region: org.hibernate.cache.internal.StandardQueryCache
20171117 23:56:26.590  [restartedMain] WARN  org.hibernate.cache.ehcache.AbstractEhcacheRegionFactory.getCache():161 - HHH020003: Could not find a specific ehcache configuration for cache named [org.hibernate.cache.internal.StandardQueryCache]; using defaults.
20171117 23:56:26.647  [restartedMain] WARN  org.hibernate.cache.ehcache.AbstractEhcacheRegionFactory.getCache():161 - HHH020003: Could not find a specific ehcache configuration for cache named [entityCache]; using defaults.
20171117 23:56:26.826  [restartedMain] INFO  org.hibernate.tool.hbm2ddl.SchemaUpdate.execute():105 - HHH000228: Running hbm2ddl schema update
20171117 23:56:53.348  [restartedMain] INFO  cn.tech.yozo.factoryrp.WebApplication.logStarting():48 - Starting WebApplication on DESKTOP-JJVA60K with PID 23788 (D:\GitCode\FactoryRP\FactoryRP\target\classes started by Singer in D:\GitCode\FactoryRP\FactoryRP)
20171117 23:56:53.350  [restartedMain] DEBUG cn.tech.yozo.factoryrp.WebApplication.logStarting():51 - Running with Spring Boot v1.4.7.RELEASE, Spring v4.3.9.RELEASE
20171117 23:56:53.350  [restartedMain] INFO  cn.tech.yozo.factoryrp.WebApplication.logStartupProfileInfo():662 - No active profile set, falling back to default profiles: default
20171117 23:56:53.433  [restartedMain] INFO  org.springframework.boot.context.embedded.AnnotationConfigEmbeddedWebApplicationContext.prepareRefresh():583 - Refreshing org.springframework.boot.context.embedded.AnnotationConfigEmbeddedWebApplicationContext@33d12005: startup date [Fri Nov 17 23:56:53 CST 2017]; root of context hierarchy
20171117 23:56:53.544  [background-preinit] INFO  org.hibernate.validator.internal.util.Version.<clinit>():30 - HV000001: Hibernate Validator 5.2.5.Final
20171117 23:56:55.310  [restartedMain] INFO  org.springframework.beans.factory.support.DefaultListableBeanFactory.registerBeanDefinition():828 - Overriding bean definition for bean 'managementServletContext' with a different definition: replacing [Root bean: class [null]; scope=; abstract=false; lazyInit=false; autowireMode=3; dependencyCheck=0; autowireCandidate=true; primary=false; factoryBeanName=org.springframework.boot.actuate.autoconfigure.EndpointWebMvcHypermediaManagementContextConfiguration; factoryMethodName=managementServletContext; initMethodName=null; destroyMethodName=(inferred); defined in class path resource [org/springframework/boot/actuate/autoconfigure/EndpointWebMvcHypermediaManagementContextConfiguration.class]] with [Root bean: class [null]; scope=; abstract=false; lazyInit=false; autowireMode=3; dependencyCheck=0; autowireCandidate=true; primary=false; factoryBeanName=org.springframework.boot.actuate.autoconfigure.EndpointWebMvcAutoConfiguration; factoryMethodName=managementServletContext; initMethodName=null; destroyMethodName=(inferred); defined in class path resource [org/springframework/boot/actuate/autoconfigure/EndpointWebMvcAutoConfiguration.class]]
20171117 23:56:55.378  [restartedMain] INFO  org.springframework.data.repository.config.RepositoryConfigurationDelegate.multipleStoresDetected():170 - Multiple Spring Data modules found, entering strict repository configuration mode!
20171117 23:56:55.526  [restartedMain] INFO  org.springframework.data.repository.config.RepositoryConfigurationDelegate.multipleStoresDetected():170 - Multiple Spring Data modules found, entering strict repository configuration mode!
20171117 23:56:55.579  [restartedMain] INFO  org.springframework.data.repository.config.RepositoryConfigurationExtensionSupport.isStrictRepositoryCandidate():283 - Spring Data Redis - Could not safely identify store assignment for repository candidate interface cn.tech.yozo.factoryrp.repository.UserRoleRepository.
20171117 23:56:55.579  [restartedMain] INFO  org.springframework.data.repository.config.RepositoryConfigurationExtensionSupport.isStrictRepositoryCandidate():283 - Spring Data Redis - Could not safely identify store assignment for repository candidate interface cn.tech.yozo.factoryrp.repository.MenuRepository.
20171117 23:56:55.580  [restartedMain] INFO  org.springframework.data.repository.config.RepositoryConfigurationExtensionSupport.isStrictRepositoryCandidate():283 - Spring Data Redis - Could not safely identify store assignment for repository candidate interface cn.tech.yozo.factoryrp.repository.CorporateRepository.
20171117 23:56:55.581  [restartedMain] INFO  org.springframework.data.repository.config.RepositoryConfigurationExtensionSupport.isStrictRepositoryCandidate():283 - Spring Data Redis - Could not safely identify store assignment for repository candidate interface cn.tech.yozo.factoryrp.repository.PermissionRoleRepository.
20171117 23:56:55.581  [restartedMain] INFO  org.springframework.data.repository.config.RepositoryConfigurationExtensionSupport.isStrictRepositoryCandidate():283 - Spring Data Redis - Could not safely identify store assignment for repository candidate interface cn.tech.yozo.factoryrp.repository.DepartmentRepository.
20171117 23:56:55.582  [restartedMain] INFO  org.springframework.data.repository.config.RepositoryConfigurationExtensionSupport.isStrictRepositoryCandidate():283 - Spring Data Redis - Could not safely identify store assignment for repository candidate interface cn.tech.yozo.factoryrp.repository.UserRepository.
20171117 23:56:55.582  [restartedMain] INFO  org.springframework.data.repository.config.RepositoryConfigurationExtensionSupport.isStrictRepositoryCandidate():283 - Spring Data Redis - Could not safely identify store assignment for repository candidate interface cn.tech.yozo.factoryrp.repository.RoleRepository.
20171117 23:56:55.583  [restartedMain] INFO  org.springframework.data.repository.config.RepositoryConfigurationExtensionSupport.isStrictRepositoryCandidate():283 - Spring Data Redis - Could not safely identify store assignment for repository candidate interface cn.tech.yozo.factoryrp.repository.PermissionRepository.
20171117 23:56:55.720  [restartedMain] INFO  com.alibaba.dubbo.common.logger.LoggerFactory.info():58 - using logger: com.alibaba.dubbo.common.logger.log4j.Log4jLoggerAdapter
20171117 23:56:55.952  [restartedMain] INFO  org.springframework.beans.factory.annotation.AutowiredAnnotationBeanPostProcessor.<init>():155 - JSR-330 'javax.inject.Inject' annotation found and supported for autowiring
20171117 23:56:56.160  [restartedMain] INFO  org.springframework.context.support.PostProcessorRegistrationDelegate$BeanPostProcessorChecker.postProcessAfterInitialization():325 - Bean 'org.springframework.transaction.annotation.ProxyTransactionManagementConfiguration' of type [org.springframework.transaction.annotation.ProxyTransactionManagementConfiguration$$EnhancerBySpringCGLIB$$b2bfd253] is not eligible for getting processed by all BeanPostProcessors (for example: not eligible for auto-proxying)
20171117 23:56:56.398  [restartedMain] INFO  org.springframework.context.support.PostProcessorRegistrationDelegate$BeanPostProcessorChecker.postProcessAfterInitialization():325 - Bean 'org.springframework.cache.annotation.ProxyCachingConfiguration' of type [org.springframework.cache.annotation.ProxyCachingConfiguration$$EnhancerBySpringCGLIB$$fbd20871] is not eligible for getting processed by all BeanPostProcessors (for example: not eligible for auto-proxying)
20171117 23:56:56.444  [restartedMain] INFO  org.springframework.context.support.PostProcessorRegistrationDelegate$BeanPostProcessorChecker.postProcessAfterInitialization():325 - Bean 'org.springframework.boot.autoconfigure.cache.CacheAutoConfiguration' of type [org.springframework.boot.autoconfigure.cache.CacheAutoConfiguration$$EnhancerBySpringCGLIB$$f045cd15] is not eligible for getting processed by all BeanPostProcessors (for example: not eligible for auto-proxying)
20171117 23:56:56.581  [restartedMain] INFO  org.springframework.context.support.PostProcessorRegistrationDelegate$BeanPostProcessorChecker.postProcessAfterInitialization():325 - Bean 'spring.cache-org.springframework.boot.autoconfigure.cache.CacheProperties' of type [org.springframework.boot.autoconfigure.cache.CacheProperties] is not eligible for getting processed by all BeanPostProcessors (for example: not eligible for auto-proxying)
20171117 23:56:56.599  [restartedMain] INFO  org.springframework.context.support.PostProcessorRegistrationDelegate$BeanPostProcessorChecker.postProcessAfterInitialization():325 - Bean 'org.springframework.boot.autoconfigure.cache.CacheManagerCustomizers' of type [org.springframework.boot.autoconfigure.cache.CacheManagerCustomizers] is not eligible for getting processed by all BeanPostProcessors (for example: not eligible for auto-proxying)
20171117 23:56:56.609  [restartedMain] INFO  org.springframework.context.support.PostProcessorRegistrationDelegate$BeanPostProcessorChecker.postProcessAfterInitialization():325 - Bean 'org.springframework.boot.autoconfigure.cache.RedisCacheConfiguration' of type [org.springframework.boot.autoconfigure.cache.RedisCacheConfiguration$$EnhancerBySpringCGLIB$$a0d7696f] is not eligible for getting processed by all BeanPostProcessors (for example: not eligible for auto-proxying)
20171117 23:56:56.620  [restartedMain] INFO  org.springframework.context.support.PostProcessorRegistrationDelegate$BeanPostProcessorChecker.postProcessAfterInitialization():325 - Bean 'org.springframework.boot.autoconfigure.data.redis.RedisAutoConfiguration$RedisConfiguration' of type [org.springframework.boot.autoconfigure.data.redis.RedisAutoConfiguration$RedisConfiguration$$EnhancerBySpringCGLIB$$f86257e0] is not eligible for getting processed by all BeanPostProcessors (for example: not eligible for auto-proxying)
20171117 23:56:56.638  [restartedMain] INFO  org.springframework.context.support.PostProcessorRegistrationDelegate$BeanPostProcessorChecker.postProcessAfterInitialization():325 - Bean 'spring.redis-org.springframework.boot.autoconfigure.data.redis.RedisProperties' of type [org.springframework.boot.autoconfigure.data.redis.RedisProperties] is not eligible for getting processed by all BeanPostProcessors (for example: not eligible for auto-proxying)
20171117 23:56:56.653  [restartedMain] INFO  org.springframework.context.support.PostProcessorRegistrationDelegate$BeanPostProcessorChecker.postProcessAfterInitialization():325 - Bean 'org.springframework.boot.autoconfigure.data.redis.RedisAutoConfiguration$RedisConnectionConfiguration' of type [org.springframework.boot.autoconfigure.data.redis.RedisAutoConfiguration$RedisConnectionConfiguration$$EnhancerBySpringCGLIB$$46b9f962] is not eligible for getting processed by all BeanPostProcessors (for example: not eligible for auto-proxying)
20171117 23:56:56.693  [restartedMain] INFO  org.springframework.context.support.PostProcessorRegistrationDelegate$BeanPostProcessorChecker.postProcessAfterInitialization():325 - Bean 'redisConnectionFactory' of type [org.springframework.data.redis.connection.jedis.JedisConnectionFactory] is not eligible for getting processed by all BeanPostProcessors (for example: not eligible for auto-proxying)
20171117 23:56:56.747  [restartedMain] INFO  org.springframework.context.support.PostProcessorRegistrationDelegate$BeanPostProcessorChecker.postProcessAfterInitialization():325 - Bean 'redisTemplate' of type [org.springframework.data.redis.core.RedisTemplate] is not eligible for getting processed by all BeanPostProcessors (for example: not eligible for auto-proxying)
20171117 23:56:56.872  [restartedMain] INFO  org.springframework.context.support.PostProcessorRegistrationDelegate$BeanPostProcessorChecker.postProcessAfterInitialization():325 - Bean 'cacheManager' of type [org.springframework.data.redis.cache.RedisCacheManager] is not eligible for getting processed by all BeanPostProcessors (for example: not eligible for auto-proxying)
20171117 23:56:56.887  [restartedMain] INFO  org.springframework.context.support.PostProcessorRegistrationDelegate$BeanPostProcessorChecker.postProcessAfterInitialization():325 - Bean 'cacheAutoConfigurationValidator' of type [org.springframework.boot.autoconfigure.cache.CacheAutoConfiguration$CacheManagerValidator] is not eligible for getting processed by all BeanPostProcessors (for example: not eligible for auto-proxying)
20171117 23:56:57.484  [restartedMain] INFO  org.springframework.boot.context.embedded.tomcat.TomcatEmbeddedServletContainer.initialize():89 - Tomcat initialized with port(s): 9550 (http)
20171117 23:56:57.493  [restartedMain] INFO  org.apache.catalina.core.StandardService.log():179 - Starting service [Tomcat]
20171117 23:56:57.494  [restartedMain] INFO  org.apache.catalina.core.StandardEngine.log():179 - Starting Servlet Engine: Apache Tomcat/8.5.15
20171117 23:56:57.615  [localhost-startStop-1] INFO  org.apache.catalina.core.ContainerBase.[Tomcat].[localhost].[/].log():179 - Initializing Spring embedded WebApplicationContext
20171117 23:56:57.615  [localhost-startStop-1] INFO  org.springframework.web.context.ContextLoader.prepareEmbeddedWebApplicationContext():276 - Root WebApplicationContext: initialization completed in 4182 ms
20171117 23:56:57.674  [localhost-startStop-1] INFO  cn.tech.yozo.factoryrp.config.DruidConfiguration.info():58 -  [DUBBO] init Druid Servlet Configuration , dubbo version: 2.5.3, current host: 127.0.0.1
20171117 23:56:58.223  [localhost-startStop-1] INFO  org.springframework.boot.web.servlet.FilterRegistrationBean.configure():258 - Mapping filter: 'metricsFilter' to: [/*]
20171117 23:56:58.223  [localhost-startStop-1] INFO  org.springframework.boot.web.servlet.FilterRegistrationBean.configure():258 - Mapping filter: 'characterEncodingFilter' to: [/*]
20171117 23:56:58.223  [localhost-startStop-1] INFO  org.springframework.boot.web.servlet.FilterRegistrationBean.configure():258 - Mapping filter: 'hiddenHttpMethodFilter' to: [/*]
20171117 23:56:58.224  [localhost-startStop-1] INFO  org.springframework.boot.web.servlet.FilterRegistrationBean.configure():258 - Mapping filter: 'httpPutFormContentFilter' to: [/*]
20171117 23:56:58.224  [localhost-startStop-1] INFO  org.springframework.boot.web.servlet.FilterRegistrationBean.configure():258 - Mapping filter: 'requestContextFilter' to: [/*]
20171117 23:56:58.224  [localhost-startStop-1] INFO  org.springframework.boot.web.servlet.FilterRegistrationBean.configure():258 - Mapping filter: 'webRequestLoggingFilter' to: [/*]
20171117 23:56:58.224  [localhost-startStop-1] INFO  org.springframework.boot.web.servlet.FilterRegistrationBean.configure():271 - Mapping filter: 'webStatFilter' to urls: [/*]
20171117 23:56:58.224  [localhost-startStop-1] INFO  org.springframework.boot.web.servlet.FilterRegistrationBean.configure():258 - Mapping filter: 'applicationContextIdFilter' to: [/*]
20171117 23:56:58.224  [localhost-startStop-1] INFO  org.springframework.boot.web.servlet.ServletRegistrationBean.onStartup():190 - Mapping servlet: 'statViewServlet' to [/druid/*]
20171117 23:56:58.226  [localhost-startStop-1] INFO  org.springframework.boot.web.servlet.ServletRegistrationBean.onStartup():190 - Mapping servlet: 'dispatcherServlet' to [/]
20171117 23:56:58.277  [restartedMain] INFO  cn.tech.yozo.factoryrp.config.DruidConfiguration.info():58 -  [DUBBO] >>>>>>>>>>>>>开始配置druid连接池<<<<<<<<<<<<<<<<<<, dubbo version: 2.5.3, current host: 127.0.0.1
20171117 23:57:00.299  [restartedMain] INFO  com.alibaba.druid.pool.DruidDataSource.init():889 - {dataSource-1} inited
20171117 23:57:00.346  [restartedMain] INFO  org.springframework.orm.jpa.LocalContainerEntityManagerFactoryBean.createNativeEntityManagerFactory():349 - Building JPA container EntityManagerFactory for persistence unit 'default'
20171117 23:57:00.359  [restartedMain] INFO  org.hibernate.jpa.internal.util.LogHelper.logPersistenceUnitInformation():31 - HHH000204: Processing PersistenceUnitInfo [
	name: default
	...]
20171117 23:57:00.428  [restartedMain] INFO  org.hibernate.Version.logVersion():37 - HHH000412: Hibernate Core {5.0.12.Final}
20171117 23:57:00.430  [restartedMain] INFO  org.hibernate.cfg.Environment.<clinit>():213 - HHH000206: hibernate.properties not found
20171117 23:57:00.431  [restartedMain] INFO  org.hibernate.cfg.Environment.buildBytecodeProvider():317 - HHH000021: Bytecode provider name : javassist
20171117 23:57:00.481  [restartedMain] INFO  org.hibernate.annotations.common.Version.<clinit>():66 - HCANN000001: Hibernate Commons Annotations {5.0.1.Final}
20171117 23:57:00.596  [restartedMain] INFO  org.hibernate.dialect.Dialect.<init>():156 - HHH000400: Using dialect: org.hibernate.dialect.MySQL5Dialect
20171117 23:57:00.626  [restartedMain] INFO  org.hibernate.engine.jdbc.env.internal.LobCreatorBuilderImpl.useContextualLobCreation():98 - HHH000423: Disabling contextual LOB creation as JDBC driver reported JDBC version [3] less than 4
20171117 23:57:00.854  [restartedMain] WARN  net.sf.ehcache.config.ConfigurationFactory.parseConfiguration():136 - No configuration found. Configuring ehcache from ehcache-failsafe.xml  found in the classpath: jar:file:/D:/MavenRepository/net/sf/ehcache/ehcache/2.10.4/ehcache-2.10.4.jar!/ehcache-failsafe.xml
20171117 23:57:00.924  [restartedMain] INFO  org.hibernate.cache.spi.UpdateTimestampsCache.<init>():55 - HHH000250: Starting update timestamps cache at region: org.hibernate.cache.spi.UpdateTimestampsCache
20171117 23:57:00.927  [restartedMain] WARN  org.hibernate.cache.ehcache.AbstractEhcacheRegionFactory.getCache():161 - HHH020003: Could not find a specific ehcache configuration for cache named [org.hibernate.cache.spi.UpdateTimestampsCache]; using defaults.
20171117 23:57:01.004  [restartedMain] INFO  org.hibernate.cache.internal.StandardQueryCache.<init>():74 - HHH000248: Starting query cache at region: org.hibernate.cache.internal.StandardQueryCache
20171117 23:57:01.005  [restartedMain] WARN  org.hibernate.cache.ehcache.AbstractEhcacheRegionFactory.getCache():161 - HHH020003: Could not find a specific ehcache configuration for cache named [org.hibernate.cache.internal.StandardQueryCache]; using defaults.
20171117 23:57:01.063  [restartedMain] WARN  org.hibernate.cache.ehcache.AbstractEhcacheRegionFactory.getCache():161 - HHH020003: Could not find a specific ehcache configuration for cache named [entityCache]; using defaults.
20171117 23:57:01.242  [restartedMain] INFO  org.hibernate.tool.hbm2ddl.SchemaUpdate.execute():105 - HHH000228: Running hbm2ddl schema update
20171117 23:57:21.930  [restartedMain] INFO  org.springframework.orm.jpa.LocalContainerEntityManagerFactoryBean.buildNativeEntityManagerFactory():379 - Initialized JPA EntityManagerFactory for persistence unit 'default'
20171117 23:58:13.144  [restartedMain] INFO  cn.tech.yozo.factoryrp.WebApplication.logStarting():48 - Starting WebApplication on DESKTOP-JJVA60K with PID 26300 (D:\GitCode\FactoryRP\FactoryRP\target\classes started by Singer in D:\GitCode\FactoryRP\FactoryRP)
20171117 23:58:13.146  [restartedMain] DEBUG cn.tech.yozo.factoryrp.WebApplication.logStarting():51 - Running with Spring Boot v1.4.7.RELEASE, Spring v4.3.9.RELEASE
20171117 23:58:13.146  [restartedMain] INFO  cn.tech.yozo.factoryrp.WebApplication.logStartupProfileInfo():662 - No active profile set, falling back to default profiles: default
20171117 23:58:13.252  [restartedMain] INFO  org.springframework.boot.context.embedded.AnnotationConfigEmbeddedWebApplicationContext.prepareRefresh():583 - Refreshing org.springframework.boot.context.embedded.AnnotationConfigEmbeddedWebApplicationContext@2898e8fe: startup date [Fri Nov 17 23:58:13 CST 2017]; root of context hierarchy
20171117 23:58:13.367  [background-preinit] INFO  org.hibernate.validator.internal.util.Version.<clinit>():30 - HV000001: Hibernate Validator 5.2.5.Final
20171117 23:58:15.973  [restartedMain] INFO  org.springframework.beans.factory.support.DefaultListableBeanFactory.registerBeanDefinition():828 - Overriding bean definition for bean 'managementServletContext' with a different definition: replacing [Root bean: class [null]; scope=; abstract=false; lazyInit=false; autowireMode=3; dependencyCheck=0; autowireCandidate=true; primary=false; factoryBeanName=org.springframework.boot.actuate.autoconfigure.EndpointWebMvcHypermediaManagementContextConfiguration; factoryMethodName=managementServletContext; initMethodName=null; destroyMethodName=(inferred); defined in class path resource [org/springframework/boot/actuate/autoconfigure/EndpointWebMvcHypermediaManagementContextConfiguration.class]] with [Root bean: class [null]; scope=; abstract=false; lazyInit=false; autowireMode=3; dependencyCheck=0; autowireCandidate=true; primary=false; factoryBeanName=org.springframework.boot.actuate.autoconfigure.EndpointWebMvcAutoConfiguration; factoryMethodName=managementServletContext; initMethodName=null; destroyMethodName=(inferred); defined in class path resource [org/springframework/boot/actuate/autoconfigure/EndpointWebMvcAutoConfiguration.class]]
20171117 23:58:16.039  [restartedMain] INFO  org.springframework.data.repository.config.RepositoryConfigurationDelegate.multipleStoresDetected():170 - Multiple Spring Data modules found, entering strict repository configuration mode!
20171117 23:58:16.190  [restartedMain] INFO  org.springframework.data.repository.config.RepositoryConfigurationDelegate.multipleStoresDetected():170 - Multiple Spring Data modules found, entering strict repository configuration mode!
20171117 23:58:16.239  [restartedMain] INFO  org.springframework.data.repository.config.RepositoryConfigurationExtensionSupport.isStrictRepositoryCandidate():283 - Spring Data Redis - Could not safely identify store assignment for repository candidate interface cn.tech.yozo.factoryrp.repository.UserRoleRepository.
20171117 23:58:16.240  [restartedMain] INFO  org.springframework.data.repository.config.RepositoryConfigurationExtensionSupport.isStrictRepositoryCandidate():283 - Spring Data Redis - Could not safely identify store assignment for repository candidate interface cn.tech.yozo.factoryrp.repository.MenuRepository.
20171117 23:58:16.241  [restartedMain] INFO  org.springframework.data.repository.config.RepositoryConfigurationExtensionSupport.isStrictRepositoryCandidate():283 - Spring Data Redis - Could not safely identify store assignment for repository candidate interface cn.tech.yozo.factoryrp.repository.CorporateRepository.
20171117 23:58:16.241  [restartedMain] INFO  org.springframework.data.repository.config.RepositoryConfigurationExtensionSupport.isStrictRepositoryCandidate():283 - Spring Data Redis - Could not safely identify store assignment for repository candidate interface cn.tech.yozo.factoryrp.repository.PermissionRoleRepository.
20171117 23:58:16.242  [restartedMain] INFO  org.springframework.data.repository.config.RepositoryConfigurationExtensionSupport.isStrictRepositoryCandidate():283 - Spring Data Redis - Could not safely identify store assignment for repository candidate interface cn.tech.yozo.factoryrp.repository.DepartmentRepository.
20171117 23:58:16.242  [restartedMain] INFO  org.springframework.data.repository.config.RepositoryConfigurationExtensionSupport.isStrictRepositoryCandidate():283 - Spring Data Redis - Could not safely identify store assignment for repository candidate interface cn.tech.yozo.factoryrp.repository.UserRepository.
20171117 23:58:16.243  [restartedMain] INFO  org.springframework.data.repository.config.RepositoryConfigurationExtensionSupport.isStrictRepositoryCandidate():283 - Spring Data Redis - Could not safely identify store assignment for repository candidate interface cn.tech.yozo.factoryrp.repository.RoleRepository.
20171117 23:58:16.243  [restartedMain] INFO  org.springframework.data.repository.config.RepositoryConfigurationExtensionSupport.isStrictRepositoryCandidate():283 - Spring Data Redis - Could not safely identify store assignment for repository candidate interface cn.tech.yozo.factoryrp.repository.PermissionRepository.
20171117 23:58:16.374  [restartedMain] INFO  com.alibaba.dubbo.common.logger.LoggerFactory.info():58 - using logger: com.alibaba.dubbo.common.logger.log4j.Log4jLoggerAdapter
20171117 23:58:16.567  [restartedMain] INFO  org.springframework.beans.factory.annotation.AutowiredAnnotationBeanPostProcessor.<init>():155 - JSR-330 'javax.inject.Inject' annotation found and supported for autowiring
20171117 23:58:16.728  [restartedMain] INFO  org.springframework.context.support.PostProcessorRegistrationDelegate$BeanPostProcessorChecker.postProcessAfterInitialization():325 - Bean 'org.springframework.transaction.annotation.ProxyTransactionManagementConfiguration' of type [org.springframework.transaction.annotation.ProxyTransactionManagementConfiguration$$EnhancerBySpringCGLIB$$a0e50c14] is not eligible for getting processed by all BeanPostProcessors (for example: not eligible for auto-proxying)
20171117 23:58:16.903  [restartedMain] INFO  org.springframework.context.support.PostProcessorRegistrationDelegate$BeanPostProcessorChecker.postProcessAfterInitialization():325 - Bean 'org.springframework.cache.annotation.ProxyCachingConfiguration' of type [org.springframework.cache.annotation.ProxyCachingConfiguration$$EnhancerBySpringCGLIB$$e9f74232] is not eligible for getting processed by all BeanPostProcessors (for example: not eligible for auto-proxying)
20171117 23:58:16.938  [restartedMain] INFO  org.springframework.context.support.PostProcessorRegistrationDelegate$BeanPostProcessorChecker.postProcessAfterInitialization():325 - Bean 'org.springframework.boot.autoconfigure.cache.CacheAutoConfiguration' of type [org.springframework.boot.autoconfigure.cache.CacheAutoConfiguration$$EnhancerBySpringCGLIB$$de6b06d6] is not eligible for getting processed by all BeanPostProcessors (for example: not eligible for auto-proxying)
20171117 23:58:17.049  [restartedMain] INFO  org.springframework.context.support.PostProcessorRegistrationDelegate$BeanPostProcessorChecker.postProcessAfterInitialization():325 - Bean 'spring.cache-org.springframework.boot.autoconfigure.cache.CacheProperties' of type [org.springframework.boot.autoconfigure.cache.CacheProperties] is not eligible for getting processed by all BeanPostProcessors (for example: not eligible for auto-proxying)
20171117 23:58:17.065  [restartedMain] INFO  org.springframework.context.support.PostProcessorRegistrationDelegate$BeanPostProcessorChecker.postProcessAfterInitialization():325 - Bean 'org.springframework.boot.autoconfigure.cache.CacheManagerCustomizers' of type [org.springframework.boot.autoconfigure.cache.CacheManagerCustomizers] is not eligible for getting processed by all BeanPostProcessors (for example: not eligible for auto-proxying)
20171117 23:58:17.073  [restartedMain] INFO  org.springframework.context.support.PostProcessorRegistrationDelegate$BeanPostProcessorChecker.postProcessAfterInitialization():325 - Bean 'org.springframework.boot.autoconfigure.cache.RedisCacheConfiguration' of type [org.springframework.boot.autoconfigure.cache.RedisCacheConfiguration$$EnhancerBySpringCGLIB$$8efca330] is not eligible for getting processed by all BeanPostProcessors (for example: not eligible for auto-proxying)
20171117 23:58:17.083  [restartedMain] INFO  org.springframework.context.support.PostProcessorRegistrationDelegate$BeanPostProcessorChecker.postProcessAfterInitialization():325 - Bean 'org.springframework.boot.autoconfigure.data.redis.RedisAutoConfiguration$RedisConfiguration' of type [org.springframework.boot.autoconfigure.data.redis.RedisAutoConfiguration$RedisConfiguration$$EnhancerBySpringCGLIB$$e68791a1] is not eligible for getting processed by all BeanPostProcessors (for example: not eligible for auto-proxying)
20171117 23:58:17.101  [restartedMain] INFO  org.springframework.context.support.PostProcessorRegistrationDelegate$BeanPostProcessorChecker.postProcessAfterInitialization():325 - Bean 'spring.redis-org.springframework.boot.autoconfigure.data.redis.RedisProperties' of type [org.springframework.boot.autoconfigure.data.redis.RedisProperties] is not eligible for getting processed by all BeanPostProcessors (for example: not eligible for auto-proxying)
20171117 23:58:17.114  [restartedMain] INFO  org.springframework.context.support.PostProcessorRegistrationDelegate$BeanPostProcessorChecker.postProcessAfterInitialization():325 - Bean 'org.springframework.boot.autoconfigure.data.redis.RedisAutoConfiguration$RedisConnectionConfiguration' of type [org.springframework.boot.autoconfigure.data.redis.RedisAutoConfiguration$RedisConnectionConfiguration$$EnhancerBySpringCGLIB$$34df3323] is not eligible for getting processed by all BeanPostProcessors (for example: not eligible for auto-proxying)
20171117 23:58:17.153  [restartedMain] INFO  org.springframework.context.support.PostProcessorRegistrationDelegate$BeanPostProcessorChecker.postProcessAfterInitialization():325 - Bean 'redisConnectionFactory' of type [org.springframework.data.redis.connection.jedis.JedisConnectionFactory] is not eligible for getting processed by all BeanPostProcessors (for example: not eligible for auto-proxying)
20171117 23:58:17.203  [restartedMain] INFO  org.springframework.context.support.PostProcessorRegistrationDelegate$BeanPostProcessorChecker.postProcessAfterInitialization():325 - Bean 'redisTemplate' of type [org.springframework.data.redis.core.RedisTemplate] is not eligible for getting processed by all BeanPostProcessors (for example: not eligible for auto-proxying)
20171117 23:58:17.320  [restartedMain] INFO  org.springframework.context.support.PostProcessorRegistrationDelegate$BeanPostProcessorChecker.postProcessAfterInitialization():325 - Bean 'cacheManager' of type [org.springframework.data.redis.cache.RedisCacheManager] is not eligible for getting processed by all BeanPostProcessors (for example: not eligible for auto-proxying)
20171117 23:58:17.337  [restartedMain] INFO  org.springframework.context.support.PostProcessorRegistrationDelegate$BeanPostProcessorChecker.postProcessAfterInitialization():325 - Bean 'cacheAutoConfigurationValidator' of type [org.springframework.boot.autoconfigure.cache.CacheAutoConfiguration$CacheManagerValidator] is not eligible for getting processed by all BeanPostProcessors (for example: not eligible for auto-proxying)
20171117 23:58:17.917  [restartedMain] INFO  org.springframework.boot.context.embedded.tomcat.TomcatEmbeddedServletContainer.initialize():89 - Tomcat initialized with port(s): 9550 (http)
20171117 23:58:17.925  [restartedMain] INFO  org.apache.catalina.core.StandardService.log():179 - Starting service [Tomcat]
20171117 23:58:17.926  [restartedMain] INFO  org.apache.catalina.core.StandardEngine.log():179 - Starting Servlet Engine: Apache Tomcat/8.5.15
20171117 23:58:18.020  [localhost-startStop-1] INFO  org.apache.catalina.core.ContainerBase.[Tomcat].[localhost].[/].log():179 - Initializing Spring embedded WebApplicationContext
20171117 23:58:18.020  [localhost-startStop-1] INFO  org.springframework.web.context.ContextLoader.prepareEmbeddedWebApplicationContext():276 - Root WebApplicationContext: initialization completed in 4768 ms
20171117 23:58:18.079  [localhost-startStop-1] INFO  cn.tech.yozo.factoryrp.config.DruidConfiguration.info():58 -  [DUBBO] init Druid Servlet Configuration , dubbo version: 2.5.3, current host: 127.0.0.1
20171117 23:58:18.558  [localhost-startStop-1] INFO  org.springframework.boot.web.servlet.FilterRegistrationBean.configure():258 - Mapping filter: 'metricsFilter' to: [/*]
20171117 23:58:18.558  [localhost-startStop-1] INFO  org.springframework.boot.web.servlet.FilterRegistrationBean.configure():258 - Mapping filter: 'characterEncodingFilter' to: [/*]
20171117 23:58:18.558  [localhost-startStop-1] INFO  org.springframework.boot.web.servlet.FilterRegistrationBean.configure():258 - Mapping filter: 'hiddenHttpMethodFilter' to: [/*]
20171117 23:58:18.558  [localhost-startStop-1] INFO  org.springframework.boot.web.servlet.FilterRegistrationBean.configure():258 - Mapping filter: 'httpPutFormContentFilter' to: [/*]
20171117 23:58:18.559  [localhost-startStop-1] INFO  org.springframework.boot.web.servlet.FilterRegistrationBean.configure():258 - Mapping filter: 'requestContextFilter' to: [/*]
20171117 23:58:18.559  [localhost-startStop-1] INFO  org.springframework.boot.web.servlet.FilterRegistrationBean.configure():258 - Mapping filter: 'webRequestLoggingFilter' to: [/*]
20171117 23:58:18.559  [localhost-startStop-1] INFO  org.springframework.boot.web.servlet.FilterRegistrationBean.configure():271 - Mapping filter: 'webStatFilter' to urls: [/*]
20171117 23:58:18.559  [localhost-startStop-1] INFO  org.springframework.boot.web.servlet.FilterRegistrationBean.configure():258 - Mapping filter: 'applicationContextIdFilter' to: [/*]
20171117 23:58:18.559  [localhost-startStop-1] INFO  org.springframework.boot.web.servlet.ServletRegistrationBean.onStartup():190 - Mapping servlet: 'statViewServlet' to [/druid/*]
20171117 23:58:18.560  [localhost-startStop-1] INFO  org.springframework.boot.web.servlet.ServletRegistrationBean.onStartup():190 - Mapping servlet: 'dispatcherServlet' to [/]
20171117 23:58:18.603  [restartedMain] INFO  cn.tech.yozo.factoryrp.config.DruidConfiguration.info():58 -  [DUBBO] >>>>>>>>>>>>>开始配置druid连接池<<<<<<<<<<<<<<<<<<, dubbo version: 2.5.3, current host: 127.0.0.1
20171117 23:58:20.818  [restartedMain] INFO  com.alibaba.druid.pool.DruidDataSource.init():889 - {dataSource-1} inited
20171117 23:58:20.954  [restartedMain] INFO  org.springframework.orm.jpa.LocalContainerEntityManagerFactoryBean.createNativeEntityManagerFactory():349 - Building JPA container EntityManagerFactory for persistence unit 'default'
20171117 23:58:20.989  [restartedMain] INFO  org.hibernate.jpa.internal.util.LogHelper.logPersistenceUnitInformation():31 - HHH000204: Processing PersistenceUnitInfo [
	name: default
	...]
20171117 23:58:21.146  [restartedMain] INFO  org.hibernate.Version.logVersion():37 - HHH000412: Hibernate Core {5.0.12.Final}
20171117 23:58:21.150  [restartedMain] INFO  org.hibernate.cfg.Environment.<clinit>():213 - HHH000206: hibernate.properties not found
20171117 23:58:21.152  [restartedMain] INFO  org.hibernate.cfg.Environment.buildBytecodeProvider():317 - HHH000021: Bytecode provider name : javassist
20171117 23:58:21.272  [restartedMain] INFO  org.hibernate.annotations.common.Version.<clinit>():66 - HCANN000001: Hibernate Commons Annotations {5.0.1.Final}
20171117 23:58:21.555  [restartedMain] INFO  org.hibernate.dialect.Dialect.<init>():156 - HHH000400: Using dialect: org.hibernate.dialect.MySQL5Dialect
20171117 23:58:21.600  [restartedMain] INFO  org.hibernate.engine.jdbc.env.internal.LobCreatorBuilderImpl.useContextualLobCreation():98 - HHH000423: Disabling contextual LOB creation as JDBC driver reported JDBC version [3] less than 4
20171117 23:58:21.951  [restartedMain] WARN  net.sf.ehcache.config.ConfigurationFactory.parseConfiguration():136 - No configuration found. Configuring ehcache from ehcache-failsafe.xml  found in the classpath: jar:file:/D:/MavenRepository/net/sf/ehcache/ehcache/2.10.4/ehcache-2.10.4.jar!/ehcache-failsafe.xml
20171117 23:58:22.064  [restartedMain] INFO  org.hibernate.cache.spi.UpdateTimestampsCache.<init>():55 - HHH000250: Starting update timestamps cache at region: org.hibernate.cache.spi.UpdateTimestampsCache
20171117 23:58:22.068  [restartedMain] WARN  org.hibernate.cache.ehcache.AbstractEhcacheRegionFactory.getCache():161 - HHH020003: Could not find a specific ehcache configuration for cache named [org.hibernate.cache.spi.UpdateTimestampsCache]; using defaults.
20171117 23:58:22.194  [restartedMain] INFO  org.hibernate.cache.internal.StandardQueryCache.<init>():74 - HHH000248: Starting query cache at region: org.hibernate.cache.internal.StandardQueryCache
20171117 23:58:22.195  [restartedMain] WARN  org.hibernate.cache.ehcache.AbstractEhcacheRegionFactory.getCache():161 - HHH020003: Could not find a specific ehcache configuration for cache named [org.hibernate.cache.internal.StandardQueryCache]; using defaults.
20171117 23:58:22.285  [restartedMain] WARN  org.hibernate.cache.ehcache.AbstractEhcacheRegionFactory.getCache():161 - HHH020003: Could not find a specific ehcache configuration for cache named [entityCache]; using defaults.
20171117 23:58:22.566  [restartedMain] INFO  org.hibernate.tool.hbm2ddl.SchemaUpdate.execute():105 - HHH000228: Running hbm2ddl schema update
20171117 23:59:29.931  [restartedMain] INFO  cn.tech.yozo.factoryrp.WebApplication.logStarting():48 - Starting WebApplication on DESKTOP-JJVA60K with PID 24868 (D:\GitCode\FactoryRP\FactoryRP\target\classes started by Singer in D:\GitCode\FactoryRP\FactoryRP)
20171117 23:59:29.932  [restartedMain] DEBUG cn.tech.yozo.factoryrp.WebApplication.logStarting():51 - Running with Spring Boot v1.4.7.RELEASE, Spring v4.3.9.RELEASE
20171117 23:59:29.933  [restartedMain] INFO  cn.tech.yozo.factoryrp.WebApplication.logStartupProfileInfo():662 - No active profile set, falling back to default profiles: default
20171117 23:59:30.023  [restartedMain] INFO  org.springframework.boot.context.embedded.AnnotationConfigEmbeddedWebApplicationContext.prepareRefresh():583 - Refreshing org.springframework.boot.context.embedded.AnnotationConfigEmbeddedWebApplicationContext@52913fe8: startup date [Fri Nov 17 23:59:30 CST 2017]; root of context hierarchy
20171117 23:59:30.174  [background-preinit] INFO  org.hibernate.validator.internal.util.Version.<clinit>():30 - HV000001: Hibernate Validator 5.2.5.Final
20171117 23:59:38.996  [restartedMain] INFO  cn.tech.yozo.factoryrp.WebApplication.logStarting():48 - Starting WebApplication on DESKTOP-JJVA60K with PID 25936 (D:\GitCode\FactoryRP\FactoryRP\target\classes started by Singer in D:\GitCode\FactoryRP\FactoryRP)
20171117 23:59:38.998  [restartedMain] DEBUG cn.tech.yozo.factoryrp.WebApplication.logStarting():51 - Running with Spring Boot v1.4.7.RELEASE, Spring v4.3.9.RELEASE
20171117 23:59:38.998  [restartedMain] INFO  cn.tech.yozo.factoryrp.WebApplication.logStartupProfileInfo():662 - No active profile set, falling back to default profiles: default
20171117 23:59:39.079  [restartedMain] INFO  org.springframework.boot.context.embedded.AnnotationConfigEmbeddedWebApplicationContext.prepareRefresh():583 - Refreshing org.springframework.boot.context.embedded.AnnotationConfigEmbeddedWebApplicationContext@298d5bd3: startup date [Fri Nov 17 23:59:39 CST 2017]; root of context hierarchy
20171117 23:59:39.203  [background-preinit] INFO  org.hibernate.validator.internal.util.Version.<clinit>():30 - HV000001: Hibernate Validator 5.2.5.Final
20171117 23:59:42.200  [restartedMain] INFO  org.springframework.beans.factory.support.DefaultListableBeanFactory.registerBeanDefinition():828 - Overriding bean definition for bean 'managementServletContext' with a different definition: replacing [Root bean: class [null]; scope=; abstract=false; lazyInit=false; autowireMode=3; dependencyCheck=0; autowireCandidate=true; primary=false; factoryBeanName=org.springframework.boot.actuate.autoconfigure.EndpointWebMvcHypermediaManagementContextConfiguration; factoryMethodName=managementServletContext; initMethodName=null; destroyMethodName=(inferred); defined in class path resource [org/springframework/boot/actuate/autoconfigure/EndpointWebMvcHypermediaManagementContextConfiguration.class]] with [Root bean: class [null]; scope=; abstract=false; lazyInit=false; autowireMode=3; dependencyCheck=0; autowireCandidate=true; primary=false; factoryBeanName=org.springframework.boot.actuate.autoconfigure.EndpointWebMvcAutoConfiguration; factoryMethodName=managementServletContext; initMethodName=null; destroyMethodName=(inferred); defined in class path resource [org/springframework/boot/actuate/autoconfigure/EndpointWebMvcAutoConfiguration.class]]
20171117 23:59:42.334  [restartedMain] INFO  org.springframework.data.repository.config.RepositoryConfigurationDelegate.multipleStoresDetected():170 - Multiple Spring Data modules found, entering strict repository configuration mode!
20171117 23:59:42.627  [restartedMain] INFO  org.springframework.data.repository.config.RepositoryConfigurationDelegate.multipleStoresDetected():170 - Multiple Spring Data modules found, entering strict repository configuration mode!
20171117 23:59:42.738  [restartedMain] INFO  org.springframework.data.repository.config.RepositoryConfigurationExtensionSupport.isStrictRepositoryCandidate():283 - Spring Data Redis - Could not safely identify store assignment for repository candidate interface cn.tech.yozo.factoryrp.repository.UserRoleRepository.
20171117 23:59:42.740  [restartedMain] INFO  org.springframework.data.repository.config.RepositoryConfigurationExtensionSupport.isStrictRepositoryCandidate():283 - Spring Data Redis - Could not safely identify store assignment for repository candidate interface cn.tech.yozo.factoryrp.repository.MenuRepository.
20171117 23:59:42.741  [restartedMain] INFO  org.springframework.data.repository.config.RepositoryConfigurationExtensionSupport.isStrictRepositoryCandidate():283 - Spring Data Redis - Could not safely identify store assignment for repository candidate interface cn.tech.yozo.factoryrp.repository.CorporateRepository.
20171117 23:59:42.742  [restartedMain] INFO  org.springframework.data.repository.config.RepositoryConfigurationExtensionSupport.isStrictRepositoryCandidate():283 - Spring Data Redis - Could not safely identify store assignment for repository candidate interface cn.tech.yozo.factoryrp.repository.PermissionRoleRepository.
20171117 23:59:42.743  [restartedMain] INFO  org.springframework.data.repository.config.RepositoryConfigurationExtensionSupport.isStrictRepositoryCandidate():283 - Spring Data Redis - Could not safely identify store assignment for repository candidate interface cn.tech.yozo.factoryrp.repository.DepartmentRepository.
20171117 23:59:42.744  [restartedMain] INFO  org.springframework.data.repository.config.RepositoryConfigurationExtensionSupport.isStrictRepositoryCandidate():283 - Spring Data Redis - Could not safely identify store assignment for repository candidate interface cn.tech.yozo.factoryrp.repository.UserRepository.
20171117 23:59:42.745  [restartedMain] INFO  org.springframework.data.repository.config.RepositoryConfigurationExtensionSupport.isStrictRepositoryCandidate():283 - Spring Data Redis - Could not safely identify store assignment for repository candidate interface cn.tech.yozo.factoryrp.repository.RoleRepository.
20171117 23:59:42.746  [restartedMain] INFO  org.springframework.data.repository.config.RepositoryConfigurationExtensionSupport.isStrictRepositoryCandidate():283 - Spring Data Redis - Could not safely identify store assignment for repository candidate interface cn.tech.yozo.factoryrp.repository.PermissionRepository.
20171117 23:59:42.998  [restartedMain] INFO  com.alibaba.dubbo.common.logger.LoggerFactory.info():58 - using logger: com.alibaba.dubbo.common.logger.log4j.Log4jLoggerAdapter
20171117 23:59:43.238  [restartedMain] INFO  org.springframework.beans.factory.annotation.AutowiredAnnotationBeanPostProcessor.<init>():155 - JSR-330 'javax.inject.Inject' annotation found and supported for autowiring
20171117 23:59:43.428  [restartedMain] INFO  org.springframework.context.support.PostProcessorRegistrationDelegate$BeanPostProcessorChecker.postProcessAfterInitialization():325 - Bean 'org.springframework.transaction.annotation.ProxyTransactionManagementConfiguration' of type [org.springframework.transaction.annotation.ProxyTransactionManagementConfiguration$$EnhancerBySpringCGLIB$$6fb5bf59] is not eligible for getting processed by all BeanPostProcessors (for example: not eligible for auto-proxying)
20171117 23:59:43.625  [restartedMain] INFO  org.springframework.context.support.PostProcessorRegistrationDelegate$BeanPostProcessorChecker.postProcessAfterInitialization():325 - Bean 'org.springframework.cache.annotation.ProxyCachingConfiguration' of type [org.springframework.cache.annotation.ProxyCachingConfiguration$$EnhancerBySpringCGLIB$$b8c7f577] is not eligible for getting processed by all BeanPostProcessors (for example: not eligible for auto-proxying)
20171117 23:59:43.655  [restartedMain] INFO  org.springframework.context.support.PostProcessorRegistrationDelegate$BeanPostProcessorChecker.postProcessAfterInitialization():325 - Bean 'org.springframework.boot.autoconfigure.cache.CacheAutoConfiguration' of type [org.springframework.boot.autoconfigure.cache.CacheAutoConfiguration$$EnhancerBySpringCGLIB$$ad3bba1b] is not eligible for getting processed by all BeanPostProcessors (for example: not eligible for auto-proxying)
20171117 23:59:43.764  [restartedMain] INFO  org.springframework.context.support.PostProcessorRegistrationDelegate$BeanPostProcessorChecker.postProcessAfterInitialization():325 - Bean 'spring.cache-org.springframework.boot.autoconfigure.cache.CacheProperties' of type [org.springframework.boot.autoconfigure.cache.CacheProperties] is not eligible for getting processed by all BeanPostProcessors (for example: not eligible for auto-proxying)
20171117 23:59:43.781  [restartedMain] INFO  org.springframework.context.support.PostProcessorRegistrationDelegate$BeanPostProcessorChecker.postProcessAfterInitialization():325 - Bean 'org.springframework.boot.autoconfigure.cache.CacheManagerCustomizers' of type [org.springframework.boot.autoconfigure.cache.CacheManagerCustomizers] is not eligible for getting processed by all BeanPostProcessors (for example: not eligible for auto-proxying)
20171117 23:59:43.791  [restartedMain] INFO  org.springframework.context.support.PostProcessorRegistrationDelegate$BeanPostProcessorChecker.postProcessAfterInitialization():325 - Bean 'org.springframework.boot.autoconfigure.cache.RedisCacheConfiguration' of type [org.springframework.boot.autoconfigure.cache.RedisCacheConfiguration$$EnhancerBySpringCGLIB$$5dcd5675] is not eligible for getting processed by all BeanPostProcessors (for example: not eligible for auto-proxying)
20171117 23:59:43.806  [restartedMain] INFO  org.springframework.context.support.PostProcessorRegistrationDelegate$BeanPostProcessorChecker.postProcessAfterInitialization():325 - Bean 'org.springframework.boot.autoconfigure.data.redis.RedisAutoConfiguration$RedisConfiguration' of type [org.springframework.boot.autoconfigure.data.redis.RedisAutoConfiguration$RedisConfiguration$$EnhancerBySpringCGLIB$$b55844e6] is not eligible for getting processed by all BeanPostProcessors (for example: not eligible for auto-proxying)
20171117 23:59:43.828  [restartedMain] INFO  org.springframework.context.support.PostProcessorRegistrationDelegate$BeanPostProcessorChecker.postProcessAfterInitialization():325 - Bean 'spring.redis-org.springframework.boot.autoconfigure.data.redis.RedisProperties' of type [org.springframework.boot.autoconfigure.data.redis.RedisProperties] is not eligible for getting processed by all BeanPostProcessors (for example: not eligible for auto-proxying)
20171117 23:59:43.848  [restartedMain] INFO  org.springframework.context.support.PostProcessorRegistrationDelegate$BeanPostProcessorChecker.postProcessAfterInitialization():325 - Bean 'org.springframework.boot.autoconfigure.data.redis.RedisAutoConfiguration$RedisConnectionConfiguration' of type [org.springframework.boot.autoconfigure.data.redis.RedisAutoConfiguration$RedisConnectionConfiguration$$EnhancerBySpringCGLIB$$3afe668] is not eligible for getting processed by all BeanPostProcessors (for example: not eligible for auto-proxying)
20171117 23:59:43.900  [restartedMain] INFO  org.springframework.context.support.PostProcessorRegistrationDelegate$BeanPostProcessorChecker.postProcessAfterInitialization():325 - Bean 'redisConnectionFactory' of type [org.springframework.data.redis.connection.jedis.JedisConnectionFactory] is not eligible for getting processed by all BeanPostProcessors (for example: not eligible for auto-proxying)
20171117 23:59:43.954  [restartedMain] INFO  org.springframework.context.support.PostProcessorRegistrationDelegate$BeanPostProcessorChecker.postProcessAfterInitialization():325 - Bean 'redisTemplate' of type [org.springframework.data.redis.core.RedisTemplate] is not eligible for getting processed by all BeanPostProcessors (for example: not eligible for auto-proxying)
20171117 23:59:44.079  [restartedMain] INFO  org.springframework.context.support.PostProcessorRegistrationDelegate$BeanPostProcessorChecker.postProcessAfterInitialization():325 - Bean 'cacheManager' of type [org.springframework.data.redis.cache.RedisCacheManager] is not eligible for getting processed by all BeanPostProcessors (for example: not eligible for auto-proxying)
20171117 23:59:44.105  [restartedMain] INFO  org.springframework.context.support.PostProcessorRegistrationDelegate$BeanPostProcessorChecker.postProcessAfterInitialization():325 - Bean 'cacheAutoConfigurationValidator' of type [org.springframework.boot.autoconfigure.cache.CacheAutoConfiguration$CacheManagerValidator] is not eligible for getting processed by all BeanPostProcessors (for example: not eligible for auto-proxying)
20171117 23:59:44.764  [restartedMain] INFO  org.springframework.boot.context.embedded.tomcat.TomcatEmbeddedServletContainer.initialize():89 - Tomcat initialized with port(s): 9550 (http)
20171117 23:59:44.773  [restartedMain] INFO  org.apache.catalina.core.StandardService.log():179 - Starting service [Tomcat]
20171117 23:59:44.774  [restartedMain] INFO  org.apache.catalina.core.StandardEngine.log():179 - Starting Servlet Engine: Apache Tomcat/8.5.15
20171117 23:59:44.871  [localhost-startStop-1] INFO  org.apache.catalina.core.ContainerBase.[Tomcat].[localhost].[/].log():179 - Initializing Spring embedded WebApplicationContext
20171117 23:59:44.871  [localhost-startStop-1] INFO  org.springframework.web.context.ContextLoader.prepareEmbeddedWebApplicationContext():276 - Root WebApplicationContext: initialization completed in 5792 ms
20171117 23:59:44.929  [localhost-startStop-1] INFO  cn.tech.yozo.factoryrp.config.DruidConfiguration.info():58 -  [DUBBO] init Druid Servlet Configuration , dubbo version: 2.5.3, current host: 127.0.0.1
20171117 23:59:45.463  [localhost-startStop-1] INFO  org.springframework.boot.web.servlet.FilterRegistrationBean.configure():258 - Mapping filter: 'metricsFilter' to: [/*]
20171117 23:59:45.463  [localhost-startStop-1] INFO  org.springframework.boot.web.servlet.FilterRegistrationBean.configure():258 - Mapping filter: 'characterEncodingFilter' to: [/*]
20171117 23:59:45.463  [localhost-startStop-1] INFO  org.springframework.boot.web.servlet.FilterRegistrationBean.configure():258 - Mapping filter: 'hiddenHttpMethodFilter' to: [/*]
20171117 23:59:45.464  [localhost-startStop-1] INFO  org.springframework.boot.web.servlet.FilterRegistrationBean.configure():258 - Mapping filter: 'httpPutFormContentFilter' to: [/*]
20171117 23:59:45.464  [localhost-startStop-1] INFO  org.springframework.boot.web.servlet.FilterRegistrationBean.configure():258 - Mapping filter: 'requestContextFilter' to: [/*]
20171117 23:59:45.464  [localhost-startStop-1] INFO  org.springframework.boot.web.servlet.FilterRegistrationBean.configure():258 - Mapping filter: 'webRequestLoggingFilter' to: [/*]
20171117 23:59:45.464  [localhost-startStop-1] INFO  org.springframework.boot.web.servlet.FilterRegistrationBean.configure():271 - Mapping filter: 'webStatFilter' to urls: [/*]
20171117 23:59:45.464  [localhost-startStop-1] INFO  org.springframework.boot.web.servlet.FilterRegistrationBean.configure():258 - Mapping filter: 'applicationContextIdFilter' to: [/*]
20171117 23:59:45.466  [localhost-startStop-1] INFO  org.springframework.boot.web.servlet.ServletRegistrationBean.onStartup():190 - Mapping servlet: 'statViewServlet' to [/druid/*]
20171117 23:59:45.467  [localhost-startStop-1] INFO  org.springframework.boot.web.servlet.ServletRegistrationBean.onStartup():190 - Mapping servlet: 'dispatcherServlet' to [/]
20171117 23:59:45.516  [restartedMain] INFO  cn.tech.yozo.factoryrp.config.DruidConfiguration.info():58 -  [DUBBO] >>>>>>>>>>>>>开始配置druid连接池<<<<<<<<<<<<<<<<<<, dubbo version: 2.5.3, current host: 127.0.0.1
20171117 23:59:48.873  [restartedMain] INFO  com.alibaba.druid.pool.DruidDataSource.init():889 - {dataSource-1} inited
20171117 23:59:48.969  [restartedMain] INFO  org.springframework.orm.jpa.LocalContainerEntityManagerFactoryBean.createNativeEntityManagerFactory():349 - Building JPA container EntityManagerFactory for persistence unit 'default'
20171117 23:59:48.990  [restartedMain] INFO  org.hibernate.jpa.internal.util.LogHelper.logPersistenceUnitInformation():31 - HHH000204: Processing PersistenceUnitInfo [
	name: default
	...]
20171117 23:59:49.113  [restartedMain] INFO  org.hibernate.Version.logVersion():37 - HHH000412: Hibernate Core {5.0.12.Final}
20171117 23:59:49.116  [restartedMain] INFO  org.hibernate.cfg.Environment.<clinit>():213 - HHH000206: hibernate.properties not found
20171117 23:59:49.118  [restartedMain] INFO  org.hibernate.cfg.Environment.buildBytecodeProvider():317 - HHH000021: Bytecode provider name : javassist
20171117 23:59:49.209  [restartedMain] INFO  org.hibernate.annotations.common.Version.<clinit>():66 - HCANN000001: Hibernate Commons Annotations {5.0.1.Final}
20171117 23:59:49.434  [restartedMain] INFO  org.hibernate.dialect.Dialect.<init>():156 - HHH000400: Using dialect: org.hibernate.dialect.MySQL5Dialect
20171117 23:59:49.487  [restartedMain] INFO  org.hibernate.engine.jdbc.env.internal.LobCreatorBuilderImpl.useContextualLobCreation():98 - HHH000423: Disabling contextual LOB creation as JDBC driver reported JDBC version [3] less than 4
20171117 23:59:49.953  [restartedMain] WARN  net.sf.ehcache.config.ConfigurationFactory.parseConfiguration():136 - No configuration found. Configuring ehcache from ehcache-failsafe.xml  found in the classpath: jar:file:/D:/MavenRepository/net/sf/ehcache/ehcache/2.10.4/ehcache-2.10.4.jar!/ehcache-failsafe.xml
20171117 23:59:50.069  [restartedMain] INFO  org.hibernate.cache.spi.UpdateTimestampsCache.<init>():55 - HHH000250: Starting update timestamps cache at region: org.hibernate.cache.spi.UpdateTimestampsCache
20171117 23:59:50.072  [restartedMain] WARN  org.hibernate.cache.ehcache.AbstractEhcacheRegionFactory.getCache():161 - HHH020003: Could not find a specific ehcache configuration for cache named [org.hibernate.cache.spi.UpdateTimestampsCache]; using defaults.
20171117 23:59:50.160  [restartedMain] INFO  org.hibernate.cache.internal.StandardQueryCache.<init>():74 - HHH000248: Starting query cache at region: org.hibernate.cache.internal.StandardQueryCache
20171117 23:59:50.161  [restartedMain] WARN  org.hibernate.cache.ehcache.AbstractEhcacheRegionFactory.getCache():161 - HHH020003: Could not find a specific ehcache configuration for cache named [org.hibernate.cache.internal.StandardQueryCache]; using defaults.
20171117 23:59:50.222  [restartedMain] WARN  org.hibernate.cache.ehcache.AbstractEhcacheRegionFactory.getCache():161 - HHH020003: Could not find a specific ehcache configuration for cache named [entityCache]; using defaults.
20171117 23:59:50.409  [restartedMain] INFO  org.hibernate.tool.hbm2ddl.SchemaUpdate.execute():105 - HHH000228: Running hbm2ddl schema update
